[2019-10-31 11:09:58.802] [renderer1] [warning] Aborted format on save after 750ms
[2019-10-31 15:46:52.369] [renderer1] [error] name must not be falsy: Error: name must not be falsy
	at Function.validate (/usr/share/code/resources/app/out/vs/workbench/services/extensions/node/extensionHostProcess.js:354:528)
	at new y (/usr/share/code/resources/app/out/vs/workbench/services/extensions/node/extensionHostProcess.js:354:477)
	at new y (/usr/share/code/resources/app/out/vs/workbench/services/extensions/node/extensionHostProcess.js:343:392)
	at asSymbolInformation (/home/wohlig/.vscode/extensions/octref.vetur-0.22.6/node_modules/vscode-languageclient/lib/protocolConverter.js:411:22)
	at values.map.information (/home/wohlig/.vscode/extensions/octref.vetur-0.22.6/node_modules/vscode-languageclient/lib/protocolConverter.js:400:42)
	at Array.map (<anonymous>)
	at Object.asSymbolInformations (/home/wohlig/.vscode/extensions/octref.vetur-0.22.6/node_modules/vscode-languageclient/lib/protocolConverter.js:400:23)
	at client.sendRequest.then (/home/wohlig/.vscode/extensions/octref.vetur-0.22.6/node_modules/vscode-languageclient/lib/client.js:1005:62)
[2019-10-31 15:46:58.561] [renderer1] [error] name must not be falsy: Error: name must not be falsy
	at Function.validate (/usr/share/code/resources/app/out/vs/workbench/services/extensions/node/extensionHostProcess.js:354:528)
	at new y (/usr/share/code/resources/app/out/vs/workbench/services/extensions/node/extensionHostProcess.js:354:477)
	at new y (/usr/share/code/resources/app/out/vs/workbench/services/extensions/node/extensionHostProcess.js:343:392)
	at asSymbolInformation (/home/wohlig/.vscode/extensions/octref.vetur-0.22.6/node_modules/vscode-languageclient/lib/protocolConverter.js:411:22)
	at values.map.information (/home/wohlig/.vscode/extensions/octref.vetur-0.22.6/node_modules/vscode-languageclient/lib/protocolConverter.js:400:42)
	at Array.map (<anonymous>)
	at Object.asSymbolInformations (/home/wohlig/.vscode/extensions/octref.vetur-0.22.6/node_modules/vscode-languageclient/lib/protocolConverter.js:400:23)
	at client.sendRequest.then (/home/wohlig/.vscode/extensions/octref.vetur-0.22.6/node_modules/vscode-languageclient/lib/client.js:1005:62)
[2019-10-31 15:49:13.505] [renderer1] [error] name must not be falsy: Error: name must not be falsy
	at Function.validate (/usr/share/code/resources/app/out/vs/workbench/services/extensions/node/extensionHostProcess.js:354:528)
	at new y (/usr/share/code/resources/app/out/vs/workbench/services/extensions/node/extensionHostProcess.js:354:477)
	at new y (/usr/share/code/resources/app/out/vs/workbench/services/extensions/node/extensionHostProcess.js:343:392)
	at asSymbolInformation (/home/wohlig/.vscode/extensions/octref.vetur-0.22.6/node_modules/vscode-languageclient/lib/protocolConverter.js:411:22)
	at values.map.information (/home/wohlig/.vscode/extensions/octref.vetur-0.22.6/node_modules/vscode-languageclient/lib/protocolConverter.js:400:42)
	at Array.map (<anonymous>)
	at Object.asSymbolInformations (/home/wohlig/.vscode/extensions/octref.vetur-0.22.6/node_modules/vscode-languageclient/lib/protocolConverter.js:400:23)
	at client.sendRequest.then (/home/wohlig/.vscode/extensions/octref.vetur-0.22.6/node_modules/vscode-languageclient/lib/client.js:1005:62)
[2019-10-31 15:49:18.993] [renderer1] [error] name must not be falsy: Error: name must not be falsy
	at Function.validate (/usr/share/code/resources/app/out/vs/workbench/services/extensions/node/extensionHostProcess.js:354:528)
	at new y (/usr/share/code/resources/app/out/vs/workbench/services/extensions/node/extensionHostProcess.js:354:477)
	at new y (/usr/share/code/resources/app/out/vs/workbench/services/extensions/node/extensionHostProcess.js:343:392)
	at asSymbolInformation (/home/wohlig/.vscode/extensions/octref.vetur-0.22.6/node_modules/vscode-languageclient/lib/protocolConverter.js:411:22)
	at values.map.information (/home/wohlig/.vscode/extensions/octref.vetur-0.22.6/node_modules/vscode-languageclient/lib/protocolConverter.js:400:42)
	at Array.map (<anonymous>)
	at Object.asSymbolInformations (/home/wohlig/.vscode/extensions/octref.vetur-0.22.6/node_modules/vscode-languageclient/lib/protocolConverter.js:400:23)
	at client.sendRequest.then (/home/wohlig/.vscode/extensions/octref.vetur-0.22.6/node_modules/vscode-languageclient/lib/client.js:1005:62)
[2019-10-31 15:49:39.432] [renderer1] [error] name must not be falsy: Error: name must not be falsy
	at Function.validate (/usr/share/code/resources/app/out/vs/workbench/services/extensions/node/extensionHostProcess.js:354:528)
	at new y (/usr/share/code/resources/app/out/vs/workbench/services/extensions/node/extensionHostProcess.js:354:477)
	at new y (/usr/share/code/resources/app/out/vs/workbench/services/extensions/node/extensionHostProcess.js:343:392)
	at asSymbolInformation (/home/wohlig/.vscode/extensions/octref.vetur-0.22.6/node_modules/vscode-languageclient/lib/protocolConverter.js:411:22)
	at values.map.information (/home/wohlig/.vscode/extensions/octref.vetur-0.22.6/node_modules/vscode-languageclient/lib/protocolConverter.js:400:42)
	at Array.map (<anonymous>)
	at Object.asSymbolInformations (/home/wohlig/.vscode/extensions/octref.vetur-0.22.6/node_modules/vscode-languageclient/lib/protocolConverter.js:400:23)
	at client.sendRequest.then (/home/wohlig/.vscode/extensions/octref.vetur-0.22.6/node_modules/vscode-languageclient/lib/client.js:1005:62)
[2019-10-31 15:49:41.750] [renderer1] [error] name must not be falsy: Error: name must not be falsy
	at Function.validate (/usr/share/code/resources/app/out/vs/workbench/services/extensions/node/extensionHostProcess.js:354:528)
	at new y (/usr/share/code/resources/app/out/vs/workbench/services/extensions/node/extensionHostProcess.js:354:477)
	at new y (/usr/share/code/resources/app/out/vs/workbench/services/extensions/node/extensionHostProcess.js:343:392)
	at asSymbolInformation (/home/wohlig/.vscode/extensions/octref.vetur-0.22.6/node_modules/vscode-languageclient/lib/protocolConverter.js:411:22)
	at values.map.information (/home/wohlig/.vscode/extensions/octref.vetur-0.22.6/node_modules/vscode-languageclient/lib/protocolConverter.js:400:42)
	at Array.map (<anonymous>)
	at Object.asSymbolInformations (/home/wohlig/.vscode/extensions/octref.vetur-0.22.6/node_modules/vscode-languageclient/lib/protocolConverter.js:400:23)
	at client.sendRequest.then (/home/wohlig/.vscode/extensions/octref.vetur-0.22.6/node_modules/vscode-languageclient/lib/client.js:1005:62)
[2019-10-31 16:19:42.329] [renderer1] [error] name must not be falsy: Error: name must not be falsy
	at Function.validate (/usr/share/code/resources/app/out/vs/workbench/services/extensions/node/extensionHostProcess.js:354:528)
	at new y (/usr/share/code/resources/app/out/vs/workbench/services/extensions/node/extensionHostProcess.js:354:477)
	at new y (/usr/share/code/resources/app/out/vs/workbench/services/extensions/node/extensionHostProcess.js:343:392)
	at asSymbolInformation (/home/wohlig/.vscode/extensions/octref.vetur-0.22.6/node_modules/vscode-languageclient/lib/protocolConverter.js:411:22)
	at values.map.information (/home/wohlig/.vscode/extensions/octref.vetur-0.22.6/node_modules/vscode-languageclient/lib/protocolConverter.js:400:42)
	at Array.map (<anonymous>)
	at Object.asSymbolInformations (/home/wohlig/.vscode/extensions/octref.vetur-0.22.6/node_modules/vscode-languageclient/lib/protocolConverter.js:400:23)
	at client.sendRequest.then (/home/wohlig/.vscode/extensions/octref.vetur-0.22.6/node_modules/vscode-languageclient/lib/client.js:1005:62)
[2019-10-31 16:19:57.261] [renderer1] [error] name must not be falsy: Error: name must not be falsy
	at Function.validate (/usr/share/code/resources/app/out/vs/workbench/services/extensions/node/extensionHostProcess.js:354:528)
	at new y (/usr/share/code/resources/app/out/vs/workbench/services/extensions/node/extensionHostProcess.js:354:477)
	at new y (/usr/share/code/resources/app/out/vs/workbench/services/extensions/node/extensionHostProcess.js:343:392)
	at asSymbolInformation (/home/wohlig/.vscode/extensions/octref.vetur-0.22.6/node_modules/vscode-languageclient/lib/protocolConverter.js:411:22)
	at values.map.information (/home/wohlig/.vscode/extensions/octref.vetur-0.22.6/node_modules/vscode-languageclient/lib/protocolConverter.js:400:42)
	at Array.map (<anonymous>)
	at Object.asSymbolInformations (/home/wohlig/.vscode/extensions/octref.vetur-0.22.6/node_modules/vscode-languageclient/lib/protocolConverter.js:400:23)
	at client.sendRequest.then (/home/wohlig/.vscode/extensions/octref.vetur-0.22.6/node_modules/vscode-languageclient/lib/client.js:1005:62)
[2019-10-31 16:20:01.505] [renderer1] [error] name must not be falsy: Error: name must not be falsy
	at Function.validate (/usr/share/code/resources/app/out/vs/workbench/services/extensions/node/extensionHostProcess.js:354:528)
	at new y (/usr/share/code/resources/app/out/vs/workbench/services/extensions/node/extensionHostProcess.js:354:477)
	at new y (/usr/share/code/resources/app/out/vs/workbench/services/extensions/node/extensionHostProcess.js:343:392)
	at asSymbolInformation (/home/wohlig/.vscode/extensions/octref.vetur-0.22.6/node_modules/vscode-languageclient/lib/protocolConverter.js:411:22)
	at values.map.information (/home/wohlig/.vscode/extensions/octref.vetur-0.22.6/node_modules/vscode-languageclient/lib/protocolConverter.js:400:42)
	at Array.map (<anonymous>)
	at Object.asSymbolInformations (/home/wohlig/.vscode/extensions/octref.vetur-0.22.6/node_modules/vscode-languageclient/lib/protocolConverter.js:400:23)
	at client.sendRequest.then (/home/wohlig/.vscode/extensions/octref.vetur-0.22.6/node_modules/vscode-languageclient/lib/client.js:1005:62)
[2019-10-31 16:20:04.040] [renderer1] [error] name must not be falsy: Error: name must not be falsy
	at Function.validate (/usr/share/code/resources/app/out/vs/workbench/services/extensions/node/extensionHostProcess.js:354:528)
	at new y (/usr/share/code/resources/app/out/vs/workbench/services/extensions/node/extensionHostProcess.js:354:477)
	at new y (/usr/share/code/resources/app/out/vs/workbench/services/extensions/node/extensionHostProcess.js:343:392)
	at asSymbolInformation (/home/wohlig/.vscode/extensions/octref.vetur-0.22.6/node_modules/vscode-languageclient/lib/protocolConverter.js:411:22)
	at values.map.information (/home/wohlig/.vscode/extensions/octref.vetur-0.22.6/node_modules/vscode-languageclient/lib/protocolConverter.js:400:42)
	at Array.map (<anonymous>)
	at Object.asSymbolInformations (/home/wohlig/.vscode/extensions/octref.vetur-0.22.6/node_modules/vscode-languageclient/lib/protocolConverter.js:400:23)
	at client.sendRequest.then (/home/wohlig/.vscode/extensions/octref.vetur-0.22.6/node_modules/vscode-languageclient/lib/client.js:1005:62)
[2019-10-31 16:20:05.579] [renderer1] [error] name must not be falsy: Error: name must not be falsy
	at Function.validate (/usr/share/code/resources/app/out/vs/workbench/services/extensions/node/extensionHostProcess.js:354:528)
	at new y (/usr/share/code/resources/app/out/vs/workbench/services/extensions/node/extensionHostProcess.js:354:477)
	at new y (/usr/share/code/resources/app/out/vs/workbench/services/extensions/node/extensionHostProcess.js:343:392)
	at asSymbolInformation (/home/wohlig/.vscode/extensions/octref.vetur-0.22.6/node_modules/vscode-languageclient/lib/protocolConverter.js:411:22)
	at values.map.information (/home/wohlig/.vscode/extensions/octref.vetur-0.22.6/node_modules/vscode-languageclient/lib/protocolConverter.js:400:42)
	at Array.map (<anonymous>)
	at Object.asSymbolInformations (/home/wohlig/.vscode/extensions/octref.vetur-0.22.6/node_modules/vscode-languageclient/lib/protocolConverter.js:400:23)
	at client.sendRequest.then (/home/wohlig/.vscode/extensions/octref.vetur-0.22.6/node_modules/vscode-languageclient/lib/client.js:1005:62)
[2019-10-31 16:20:07.380] [renderer1] [error] name must not be falsy: Error: name must not be falsy
	at Function.validate (/usr/share/code/resources/app/out/vs/workbench/services/extensions/node/extensionHostProcess.js:354:528)
	at new y (/usr/share/code/resources/app/out/vs/workbench/services/extensions/node/extensionHostProcess.js:354:477)
	at new y (/usr/share/code/resources/app/out/vs/workbench/services/extensions/node/extensionHostProcess.js:343:392)
	at asSymbolInformation (/home/wohlig/.vscode/extensions/octref.vetur-0.22.6/node_modules/vscode-languageclient/lib/protocolConverter.js:411:22)
	at values.map.information (/home/wohlig/.vscode/extensions/octref.vetur-0.22.6/node_modules/vscode-languageclient/lib/protocolConverter.js:400:42)
	at Array.map (<anonymous>)
	at Object.asSymbolInformations (/home/wohlig/.vscode/extensions/octref.vetur-0.22.6/node_modules/vscode-languageclient/lib/protocolConverter.js:400:23)
	at client.sendRequest.then (/home/wohlig/.vscode/extensions/octref.vetur-0.22.6/node_modules/vscode-languageclient/lib/client.js:1005:62)
[2019-10-31 16:20:09.952] [renderer1] [error] name must not be falsy: Error: name must not be falsy
	at Function.validate (/usr/share/code/resources/app/out/vs/workbench/services/extensions/node/extensionHostProcess.js:354:528)
	at new y (/usr/share/code/resources/app/out/vs/workbench/services/extensions/node/extensionHostProcess.js:354:477)
	at new y (/usr/share/code/resources/app/out/vs/workbench/services/extensions/node/extensionHostProcess.js:343:392)
	at asSymbolInformation (/home/wohlig/.vscode/extensions/octref.vetur-0.22.6/node_modules/vscode-languageclient/lib/protocolConverter.js:411:22)
	at values.map.information (/home/wohlig/.vscode/extensions/octref.vetur-0.22.6/node_modules/vscode-languageclient/lib/protocolConverter.js:400:42)
	at Array.map (<anonymous>)
	at Object.asSymbolInformations (/home/wohlig/.vscode/extensions/octref.vetur-0.22.6/node_modules/vscode-languageclient/lib/protocolConverter.js:400:23)
	at client.sendRequest.then (/home/wohlig/.vscode/extensions/octref.vetur-0.22.6/node_modules/vscode-languageclient/lib/client.js:1005:62)
[2019-10-31 16:20:14.840] [renderer1] [error] name must not be falsy: Error: name must not be falsy
	at Function.validate (/usr/share/code/resources/app/out/vs/workbench/services/extensions/node/extensionHostProcess.js:354:528)
	at new y (/usr/share/code/resources/app/out/vs/workbench/services/extensions/node/extensionHostProcess.js:354:477)
	at new y (/usr/share/code/resources/app/out/vs/workbench/services/extensions/node/extensionHostProcess.js:343:392)
	at asSymbolInformation (/home/wohlig/.vscode/extensions/octref.vetur-0.22.6/node_modules/vscode-languageclient/lib/protocolConverter.js:411:22)
	at values.map.information (/home/wohlig/.vscode/extensions/octref.vetur-0.22.6/node_modules/vscode-languageclient/lib/protocolConverter.js:400:42)
	at Array.map (<anonymous>)
	at Object.asSymbolInformations (/home/wohlig/.vscode/extensions/octref.vetur-0.22.6/node_modules/vscode-languageclient/lib/protocolConverter.js:400:23)
	at client.sendRequest.then (/home/wohlig/.vscode/extensions/octref.vetur-0.22.6/node_modules/vscode-languageclient/lib/client.js:1005:62)
[2019-10-31 16:20:24.165] [renderer1] [error] name must not be falsy: Error: name must not be falsy
	at Function.validate (/usr/share/code/resources/app/out/vs/workbench/services/extensions/node/extensionHostProcess.js:354:528)
	at new y (/usr/share/code/resources/app/out/vs/workbench/services/extensions/node/extensionHostProcess.js:354:477)
	at new y (/usr/share/code/resources/app/out/vs/workbench/services/extensions/node/extensionHostProcess.js:343:392)
	at asSymbolInformation (/home/wohlig/.vscode/extensions/octref.vetur-0.22.6/node_modules/vscode-languageclient/lib/protocolConverter.js:411:22)
	at values.map.information (/home/wohlig/.vscode/extensions/octref.vetur-0.22.6/node_modules/vscode-languageclient/lib/protocolConverter.js:400:42)
	at Array.map (<anonymous>)
	at Object.asSymbolInformations (/home/wohlig/.vscode/extensions/octref.vetur-0.22.6/node_modules/vscode-languageclient/lib/protocolConverter.js:400:23)
	at client.sendRequest.then (/home/wohlig/.vscode/extensions/octref.vetur-0.22.6/node_modules/vscode-languageclient/lib/client.js:1005:62)
[2019-10-31 16:31:14.977] [renderer1] [error] name must not be falsy: Error: name must not be falsy
	at Function.validate (/usr/share/code/resources/app/out/vs/workbench/services/extensions/node/extensionHostProcess.js:354:528)
	at new y (/usr/share/code/resources/app/out/vs/workbench/services/extensions/node/extensionHostProcess.js:354:477)
	at new y (/usr/share/code/resources/app/out/vs/workbench/services/extensions/node/extensionHostProcess.js:343:392)
	at asSymbolInformation (/home/wohlig/.vscode/extensions/octref.vetur-0.22.6/node_modules/vscode-languageclient/lib/protocolConverter.js:411:22)
	at values.map.information (/home/wohlig/.vscode/extensions/octref.vetur-0.22.6/node_modules/vscode-languageclient/lib/protocolConverter.js:400:42)
	at Array.map (<anonymous>)
	at Object.asSymbolInformations (/home/wohlig/.vscode/extensions/octref.vetur-0.22.6/node_modules/vscode-languageclient/lib/protocolConverter.js:400:23)
	at client.sendRequest.then (/home/wohlig/.vscode/extensions/octref.vetur-0.22.6/node_modules/vscode-languageclient/lib/client.js:1005:62)
[2019-10-31 16:53:37.802] [renderer1] [error] name must not be falsy: Error: name must not be falsy
	at Function.validate (/usr/share/code/resources/app/out/vs/workbench/services/extensions/node/extensionHostProcess.js:354:528)
	at new y (/usr/share/code/resources/app/out/vs/workbench/services/extensions/node/extensionHostProcess.js:354:477)
	at new y (/usr/share/code/resources/app/out/vs/workbench/services/extensions/node/extensionHostProcess.js:343:392)
	at asSymbolInformation (/home/wohlig/.vscode/extensions/octref.vetur-0.22.6/node_modules/vscode-languageclient/lib/protocolConverter.js:411:22)
	at values.map.information (/home/wohlig/.vscode/extensions/octref.vetur-0.22.6/node_modules/vscode-languageclient/lib/protocolConverter.js:400:42)
	at Array.map (<anonymous>)
	at Object.asSymbolInformations (/home/wohlig/.vscode/extensions/octref.vetur-0.22.6/node_modules/vscode-languageclient/lib/protocolConverter.js:400:23)
	at client.sendRequest.then (/home/wohlig/.vscode/extensions/octref.vetur-0.22.6/node_modules/vscode-languageclient/lib/client.js:1005:62)
[2019-10-31 16:53:41.159] [renderer1] [error] name must not be falsy: Error: name must not be falsy
	at Function.validate (/usr/share/code/resources/app/out/vs/workbench/services/extensions/node/extensionHostProcess.js:354:528)
	at new y (/usr/share/code/resources/app/out/vs/workbench/services/extensions/node/extensionHostProcess.js:354:477)
	at new y (/usr/share/code/resources/app/out/vs/workbench/services/extensions/node/extensionHostProcess.js:343:392)
	at asSymbolInformation (/home/wohlig/.vscode/extensions/octref.vetur-0.22.6/node_modules/vscode-languageclient/lib/protocolConverter.js:411:22)
	at values.map.information (/home/wohlig/.vscode/extensions/octref.vetur-0.22.6/node_modules/vscode-languageclient/lib/protocolConverter.js:400:42)
	at Array.map (<anonymous>)
	at Object.asSymbolInformations (/home/wohlig/.vscode/extensions/octref.vetur-0.22.6/node_modules/vscode-languageclient/lib/protocolConverter.js:400:23)
	at client.sendRequest.then (/home/wohlig/.vscode/extensions/octref.vetur-0.22.6/node_modules/vscode-languageclient/lib/client.js:1005:62)
[2019-10-31 16:55:36.978] [renderer1] [error] name must not be falsy: Error: name must not be falsy
	at Function.validate (/usr/share/code/resources/app/out/vs/workbench/services/extensions/node/extensionHostProcess.js:354:528)
	at new y (/usr/share/code/resources/app/out/vs/workbench/services/extensions/node/extensionHostProcess.js:354:477)
	at new y (/usr/share/code/resources/app/out/vs/workbench/services/extensions/node/extensionHostProcess.js:343:392)
	at asSymbolInformation (/home/wohlig/.vscode/extensions/octref.vetur-0.22.6/node_modules/vscode-languageclient/lib/protocolConverter.js:411:22)
	at values.map.information (/home/wohlig/.vscode/extensions/octref.vetur-0.22.6/node_modules/vscode-languageclient/lib/protocolConverter.js:400:42)
	at Array.map (<anonymous>)
	at Object.asSymbolInformations (/home/wohlig/.vscode/extensions/octref.vetur-0.22.6/node_modules/vscode-languageclient/lib/protocolConverter.js:400:23)
	at client.sendRequest.then (/home/wohlig/.vscode/extensions/octref.vetur-0.22.6/node_modules/vscode-languageclient/lib/client.js:1005:62)
