[2019-10-30 17:27:48.463] [exthost] [info] extension host started
[2019-10-30 17:27:48.475] [exthost] [info] ExtensionService#_doActivateExtension vscode.debug-auto-launch {"startup":true,"extensionId":{"value":"vscode.debug-auto-launch","_lower":"vscode.debug-auto-launch"},"activationEvent":"*"}
[2019-10-30 17:27:48.476] [exthost] [info] ExtensionService#loadCommonJSModule file:///usr/share/code/resources/app/extensions/debug-auto-launch/dist/extension
[2019-10-30 17:27:48.479] [exthost] [info] ExtensionService#_doActivateExtension vscode.emmet {"startup":true,"extensionId":{"value":"vscode.emmet","_lower":"vscode.emmet"},"activationEvent":"*"}
[2019-10-30 17:27:48.479] [exthost] [info] ExtensionService#loadCommonJSModule file:///usr/share/code/resources/app/extensions/emmet/dist/extension
[2019-10-30 17:27:48.499] [exthost] [info] ExtensionService#_doActivateExtension vscode.git {"startup":true,"extensionId":{"value":"GitHub.vscode-pull-request-github","_lower":"github.vscode-pull-request-github"},"activationEvent":"*"}
[2019-10-30 17:27:48.499] [exthost] [info] ExtensionService#loadCommonJSModule file:///usr/share/code/resources/app/extensions/git/dist/main
[2019-10-30 17:27:48.541] [exthost] [info] ExtensionService#_doActivateExtension vscode.merge-conflict {"startup":true,"extensionId":{"value":"vscode.merge-conflict","_lower":"vscode.merge-conflict"},"activationEvent":"*"}
[2019-10-30 17:27:48.541] [exthost] [info] ExtensionService#loadCommonJSModule file:///usr/share/code/resources/app/extensions/merge-conflict/dist/extension
[2019-10-30 17:27:48.544] [exthost] [info] ExtensionService#_doActivateExtension bierner.color-info {"startup":true,"extensionId":{"value":"bierner.color-info","_lower":"bierner.color-info"},"activationEvent":"*"}
[2019-10-30 17:27:48.544] [exthost] [info] ExtensionService#loadCommonJSModule file:///home/wohlig/.vscode/extensions/bierner.color-info-0.5.1/out/src/extension
[2019-10-30 17:27:48.561] [exthost] [info] ExtensionService#_doActivateExtension dbaeumer.vscode-eslint {"startup":true,"extensionId":{"value":"dbaeumer.vscode-eslint","_lower":"dbaeumer.vscode-eslint"},"activationEvent":"*"}
[2019-10-30 17:27:48.561] [exthost] [info] ExtensionService#loadCommonJSModule file:///home/wohlig/.vscode/extensions/dbaeumer.vscode-eslint-1.9.1/client/out/extension
[2019-10-30 17:27:48.574] [exthost] [info] ExtensionService#_doActivateExtension esbenp.prettier-vscode {"startup":true,"extensionId":{"value":"esbenp.prettier-vscode","_lower":"esbenp.prettier-vscode"},"activationEvent":"*"}
[2019-10-30 17:27:48.574] [exthost] [info] ExtensionService#loadCommonJSModule file:///home/wohlig/.vscode/extensions/esbenp.prettier-vscode-2.3.0/out/extension
[2019-10-30 17:27:48.665] [exthost] [info] ExtensionService#_doActivateExtension HookyQR.beautify {"startup":true,"extensionId":{"value":"HookyQR.beautify","_lower":"hookyqr.beautify"},"activationEvent":"*"}
[2019-10-30 17:27:48.665] [exthost] [info] ExtensionService#loadCommonJSModule file:///home/wohlig/.vscode/extensions/hookyqr.beautify-1.5.0/extension
[2019-10-30 17:27:48.685] [exthost] [info] ExtensionService#_doActivateExtension KnisterPeter.vscode-github {"startup":true,"extensionId":{"value":"KnisterPeter.vscode-github","_lower":"knisterpeter.vscode-github"},"activationEvent":"*"}
[2019-10-30 17:27:48.685] [exthost] [info] ExtensionService#loadCommonJSModule file:///home/wohlig/.vscode/extensions/knisterpeter.vscode-github-0.30.3/out/src/main
[2019-10-30 17:27:48.782] [exthost] [info] ExtensionService#_doActivateExtension streetsidesoftware.code-spell-checker {"startup":true,"extensionId":{"value":"streetsidesoftware.code-spell-checker","_lower":"streetsidesoftware.code-spell-checker"},"activationEvent":"*"}
[2019-10-30 17:27:48.782] [exthost] [info] ExtensionService#loadCommonJSModule file:///home/wohlig/.vscode/extensions/streetsidesoftware.code-spell-checker-1.7.18/dist/extension
[2019-10-30 17:27:48.810] [exthost] [info] eager extensions activated
[2019-10-30 17:27:48.866] [exthost] [info] ExtensionService#_doActivateExtension GitHub.vscode-pull-request-github {"startup":true,"extensionId":{"value":"GitHub.vscode-pull-request-github","_lower":"github.vscode-pull-request-github"},"activationEvent":"*"}
[2019-10-30 17:27:48.866] [exthost] [info] ExtensionService#loadCommonJSModule file:///home/wohlig/.vscode/extensions/github.vscode-pull-request-github-0.12.0/media/extension
