[2019-10-24 10:29:14.771] [exthost] [info] extension host started
[2019-10-24 10:29:14.784] [exthost] [info] ExtensionService#_doActivateExtension vscode.debug-auto-launch {"startup":true,"extensionId":{"value":"vscode.debug-auto-launch","_lower":"vscode.debug-auto-launch"},"activationEvent":"*"}
[2019-10-24 10:29:14.784] [exthost] [info] ExtensionService#loadCommonJSModule file:///usr/share/code/resources/app/extensions/debug-auto-launch/dist/extension
[2019-10-24 10:29:14.787] [exthost] [info] ExtensionService#_doActivateExtension vscode.emmet {"startup":true,"extensionId":{"value":"vscode.emmet","_lower":"vscode.emmet"},"activationEvent":"*"}
[2019-10-24 10:29:14.788] [exthost] [info] ExtensionService#loadCommonJSModule file:///usr/share/code/resources/app/extensions/emmet/dist/extension
[2019-10-24 10:29:14.809] [exthost] [info] ExtensionService#_doActivateExtension vscode.git {"startup":true,"extensionId":{"value":"GitHub.vscode-pull-request-github","_lower":"github.vscode-pull-request-github"},"activationEvent":"*"}
[2019-10-24 10:29:14.809] [exthost] [info] ExtensionService#loadCommonJSModule file:///usr/share/code/resources/app/extensions/git/dist/main
[2019-10-24 10:29:14.851] [exthost] [info] ExtensionService#_doActivateExtension vscode.merge-conflict {"startup":true,"extensionId":{"value":"vscode.merge-conflict","_lower":"vscode.merge-conflict"},"activationEvent":"*"}
[2019-10-24 10:29:14.851] [exthost] [info] ExtensionService#loadCommonJSModule file:///usr/share/code/resources/app/extensions/merge-conflict/dist/extension
[2019-10-24 10:29:14.854] [exthost] [info] ExtensionService#_doActivateExtension bierner.color-info {"startup":true,"extensionId":{"value":"bierner.color-info","_lower":"bierner.color-info"},"activationEvent":"*"}
[2019-10-24 10:29:14.854] [exthost] [info] ExtensionService#loadCommonJSModule file:///home/wohlig/.vscode/extensions/bierner.color-info-0.5.1/out/src/extension
[2019-10-24 10:29:14.871] [exthost] [info] ExtensionService#_doActivateExtension esbenp.prettier-vscode {"startup":true,"extensionId":{"value":"esbenp.prettier-vscode","_lower":"esbenp.prettier-vscode"},"activationEvent":"*"}
[2019-10-24 10:29:14.871] [exthost] [info] ExtensionService#loadCommonJSModule file:///home/wohlig/.vscode/extensions/esbenp.prettier-vscode-2.3.0/out/extension
[2019-10-24 10:29:14.960] [exthost] [info] ExtensionService#_doActivateExtension HookyQR.beautify {"startup":true,"extensionId":{"value":"HookyQR.beautify","_lower":"hookyqr.beautify"},"activationEvent":"*"}
[2019-10-24 10:29:14.960] [exthost] [info] ExtensionService#loadCommonJSModule file:///home/wohlig/.vscode/extensions/hookyqr.beautify-1.5.0/extension
[2019-10-24 10:29:14.980] [exthost] [info] ExtensionService#_doActivateExtension KnisterPeter.vscode-github {"startup":true,"extensionId":{"value":"KnisterPeter.vscode-github","_lower":"knisterpeter.vscode-github"},"activationEvent":"*"}
[2019-10-24 10:29:14.980] [exthost] [info] ExtensionService#loadCommonJSModule file:///home/wohlig/.vscode/extensions/knisterpeter.vscode-github-0.30.2/out/src/main
[2019-10-24 10:29:15.078] [exthost] [info] ExtensionService#_doActivateExtension streetsidesoftware.code-spell-checker {"startup":true,"extensionId":{"value":"streetsidesoftware.code-spell-checker","_lower":"streetsidesoftware.code-spell-checker"},"activationEvent":"*"}
[2019-10-24 10:29:15.078] [exthost] [info] ExtensionService#loadCommonJSModule file:///home/wohlig/.vscode/extensions/streetsidesoftware.code-spell-checker-1.7.18/dist/extension
[2019-10-24 10:29:15.107] [exthost] [info] ExtensionService#_doActivateExtension vscode.npm {"startup":true,"extensionId":{"value":"vscode.npm","_lower":"vscode.npm"},"activationEvent":"workspaceContains:package.json"}
[2019-10-24 10:29:15.107] [exthost] [info] ExtensionService#loadCommonJSModule file:///usr/share/code/resources/app/extensions/npm/dist/main
[2019-10-24 10:29:15.178] [exthost] [info] ExtensionService#_doActivateExtension GitHub.vscode-pull-request-github {"startup":true,"extensionId":{"value":"GitHub.vscode-pull-request-github","_lower":"github.vscode-pull-request-github"},"activationEvent":"*"}
[2019-10-24 10:29:15.178] [exthost] [info] ExtensionService#loadCommonJSModule file:///home/wohlig/.vscode/extensions/github.vscode-pull-request-github-0.12.0/media/extension
[2019-10-24 10:29:15.272] [exthost] [info] eager extensions activated
[2019-10-24 10:29:26.147] [exthost] [info] ExtensionService#_doActivateExtension octref.vetur {"startup":false,"extensionId":{"value":"octref.vetur","_lower":"octref.vetur"},"activationEvent":"onLanguage:vue"}
[2019-10-24 10:29:26.147] [exthost] [info] ExtensionService#loadCommonJSModule file:///home/wohlig/.vscode/extensions/octref.vetur-0.22.5/dist/client/vueMain
[2019-10-24 10:30:23.528] [exthost] [info] ExtensionService#_doActivateExtension vscode.extension-editing {"startup":false,"extensionId":{"value":"vscode.extension-editing","_lower":"vscode.extension-editing"},"activationEvent":"onLanguage:typescript"}
[2019-10-24 10:30:23.528] [exthost] [info] ExtensionService#loadCommonJSModule file:///usr/share/code/resources/app/extensions/extension-editing/dist/extension
[2019-10-24 10:30:23.542] [exthost] [info] ExtensionService#_doActivateExtension vscode.typescript-language-features {"startup":false,"extensionId":{"value":"vscode.typescript-language-features","_lower":"vscode.typescript-language-features"},"activationEvent":"onLanguage:typescript"}
[2019-10-24 10:30:23.542] [exthost] [info] ExtensionService#loadCommonJSModule file:///usr/share/code/resources/app/extensions/typescript-language-features/dist/extension
[2019-10-24 10:30:23.569] [exthost] [info] ExtensionService#_doActivateExtension christian-kohler.npm-intellisense {"startup":false,"extensionId":{"value":"christian-kohler.npm-intellisense","_lower":"christian-kohler.npm-intellisense"},"activationEvent":"onLanguage:typescript"}
[2019-10-24 10:30:23.569] [exthost] [info] ExtensionService#loadCommonJSModule file:///home/wohlig/.vscode/extensions/christian-kohler.npm-intellisense-1.3.0/out/src/extension
[2019-10-24 10:30:23.584] [exthost] [info] ExtensionService#_doActivateExtension VisualStudioExptTeam.vscodeintellicode {"startup":false,"extensionId":{"value":"VisualStudioExptTeam.vscodeintellicode","_lower":"visualstudioexptteam.vscodeintellicode"},"activationEvent":"onLanguage:typescript"}
[2019-10-24 10:30:23.584] [exthost] [info] ExtensionService#loadCommonJSModule file:///home/wohlig/.vscode/extensions/visualstudioexptteam.vscodeintellicode-1.2.0/dist/intellicode
[2019-10-24 12:40:20.453] [exthost] [info] ExtensionService#_doActivateExtension vscode.configuration-editing {"startup":false,"extensionId":{"value":"vscode.configuration-editing","_lower":"vscode.configuration-editing"},"activationEvent":"onLanguage:json"}
[2019-10-24 12:40:20.453] [exthost] [info] ExtensionService#loadCommonJSModule file:///usr/share/code/resources/app/extensions/configuration-editing/dist/extension
[2019-10-24 12:40:20.457] [exthost] [info] ExtensionService#_doActivateExtension vscode.json-language-features {"startup":false,"extensionId":{"value":"vscode.json-language-features","_lower":"vscode.json-language-features"},"activationEvent":"onLanguage:json"}
[2019-10-24 12:40:20.457] [exthost] [info] ExtensionService#loadCommonJSModule file:///usr/share/code/resources/app/extensions/json-language-features/client/dist/jsonMain
[2019-10-24 14:54:12.213] [exthost] [error] [octref.vetur] provider FAILED
[2019-10-24 14:54:12.213] [exthost] [error] Error: name must not be falsy
	at Function.validate (/usr/share/code/resources/app/out/vs/workbench/services/extensions/node/extensionHostProcess.js:354:528)
	at new y (/usr/share/code/resources/app/out/vs/workbench/services/extensions/node/extensionHostProcess.js:354:477)
	at new y (/usr/share/code/resources/app/out/vs/workbench/services/extensions/node/extensionHostProcess.js:343:392)
	at asSymbolInformation (/home/wohlig/.vscode/extensions/octref.vetur-0.22.5/node_modules/vscode-languageclient/lib/protocolConverter.js:411:22)
	at values.map.information (/home/wohlig/.vscode/extensions/octref.vetur-0.22.5/node_modules/vscode-languageclient/lib/protocolConverter.js:400:42)
	at Array.map (<anonymous>)
	at Object.asSymbolInformations (/home/wohlig/.vscode/extensions/octref.vetur-0.22.5/node_modules/vscode-languageclient/lib/protocolConverter.js:400:23)
	at client.sendRequest.then (/home/wohlig/.vscode/extensions/octref.vetur-0.22.5/node_modules/vscode-languageclient/lib/client.js:1005:62)
[2019-10-24 14:54:18.861] [exthost] [error] [octref.vetur] provider FAILED
[2019-10-24 14:54:18.862] [exthost] [error] Error: name must not be falsy
	at Function.validate (/usr/share/code/resources/app/out/vs/workbench/services/extensions/node/extensionHostProcess.js:354:528)
	at new y (/usr/share/code/resources/app/out/vs/workbench/services/extensions/node/extensionHostProcess.js:354:477)
	at new y (/usr/share/code/resources/app/out/vs/workbench/services/extensions/node/extensionHostProcess.js:343:392)
	at asSymbolInformation (/home/wohlig/.vscode/extensions/octref.vetur-0.22.5/node_modules/vscode-languageclient/lib/protocolConverter.js:411:22)
	at values.map.information (/home/wohlig/.vscode/extensions/octref.vetur-0.22.5/node_modules/vscode-languageclient/lib/protocolConverter.js:400:42)
	at Array.map (<anonymous>)
	at Object.asSymbolInformations (/home/wohlig/.vscode/extensions/octref.vetur-0.22.5/node_modules/vscode-languageclient/lib/protocolConverter.js:400:23)
	at client.sendRequest.then (/home/wohlig/.vscode/extensions/octref.vetur-0.22.5/node_modules/vscode-languageclient/lib/client.js:1005:62)
[2019-10-24 14:54:46.693] [exthost] [error] [octref.vetur] provider FAILED
[2019-10-24 14:54:46.693] [exthost] [error] Error: name must not be falsy
	at Function.validate (/usr/share/code/resources/app/out/vs/workbench/services/extensions/node/extensionHostProcess.js:354:528)
	at new y (/usr/share/code/resources/app/out/vs/workbench/services/extensions/node/extensionHostProcess.js:354:477)
	at new y (/usr/share/code/resources/app/out/vs/workbench/services/extensions/node/extensionHostProcess.js:343:392)
	at asSymbolInformation (/home/wohlig/.vscode/extensions/octref.vetur-0.22.5/node_modules/vscode-languageclient/lib/protocolConverter.js:411:22)
	at values.map.information (/home/wohlig/.vscode/extensions/octref.vetur-0.22.5/node_modules/vscode-languageclient/lib/protocolConverter.js:400:42)
	at Array.map (<anonymous>)
	at Object.asSymbolInformations (/home/wohlig/.vscode/extensions/octref.vetur-0.22.5/node_modules/vscode-languageclient/lib/protocolConverter.js:400:23)
	at client.sendRequest.then (/home/wohlig/.vscode/extensions/octref.vetur-0.22.5/node_modules/vscode-languageclient/lib/client.js:1005:62)
[2019-10-24 14:54:49.898] [exthost] [error] [octref.vetur] provider FAILED
[2019-10-24 14:54:49.898] [exthost] [error] Error: name must not be falsy
	at Function.validate (/usr/share/code/resources/app/out/vs/workbench/services/extensions/node/extensionHostProcess.js:354:528)
	at new y (/usr/share/code/resources/app/out/vs/workbench/services/extensions/node/extensionHostProcess.js:354:477)
	at new y (/usr/share/code/resources/app/out/vs/workbench/services/extensions/node/extensionHostProcess.js:343:392)
	at asSymbolInformation (/home/wohlig/.vscode/extensions/octref.vetur-0.22.5/node_modules/vscode-languageclient/lib/protocolConverter.js:411:22)
	at values.map.information (/home/wohlig/.vscode/extensions/octref.vetur-0.22.5/node_modules/vscode-languageclient/lib/protocolConverter.js:400:42)
	at Array.map (<anonymous>)
	at Object.asSymbolInformations (/home/wohlig/.vscode/extensions/octref.vetur-0.22.5/node_modules/vscode-languageclient/lib/protocolConverter.js:400:23)
	at client.sendRequest.then (/home/wohlig/.vscode/extensions/octref.vetur-0.22.5/node_modules/vscode-languageclient/lib/client.js:1005:62)
[2019-10-24 14:54:51.944] [exthost] [error] [octref.vetur] provider FAILED
[2019-10-24 14:54:51.944] [exthost] [error] Error: name must not be falsy
	at Function.validate (/usr/share/code/resources/app/out/vs/workbench/services/extensions/node/extensionHostProcess.js:354:528)
	at new y (/usr/share/code/resources/app/out/vs/workbench/services/extensions/node/extensionHostProcess.js:354:477)
	at new y (/usr/share/code/resources/app/out/vs/workbench/services/extensions/node/extensionHostProcess.js:343:392)
	at asSymbolInformation (/home/wohlig/.vscode/extensions/octref.vetur-0.22.5/node_modules/vscode-languageclient/lib/protocolConverter.js:411:22)
	at values.map.information (/home/wohlig/.vscode/extensions/octref.vetur-0.22.5/node_modules/vscode-languageclient/lib/protocolConverter.js:400:42)
	at Array.map (<anonymous>)
	at Object.asSymbolInformations (/home/wohlig/.vscode/extensions/octref.vetur-0.22.5/node_modules/vscode-languageclient/lib/protocolConverter.js:400:23)
	at client.sendRequest.then (/home/wohlig/.vscode/extensions/octref.vetur-0.22.5/node_modules/vscode-languageclient/lib/client.js:1005:62)
[2019-10-24 15:03:46.578] [exthost] [error] [octref.vetur] provider FAILED
[2019-10-24 15:03:46.579] [exthost] [error] Error: name must not be falsy
	at Function.validate (/usr/share/code/resources/app/out/vs/workbench/services/extensions/node/extensionHostProcess.js:354:528)
	at new y (/usr/share/code/resources/app/out/vs/workbench/services/extensions/node/extensionHostProcess.js:354:477)
	at new y (/usr/share/code/resources/app/out/vs/workbench/services/extensions/node/extensionHostProcess.js:343:392)
	at asSymbolInformation (/home/wohlig/.vscode/extensions/octref.vetur-0.22.5/node_modules/vscode-languageclient/lib/protocolConverter.js:411:22)
	at values.map.information (/home/wohlig/.vscode/extensions/octref.vetur-0.22.5/node_modules/vscode-languageclient/lib/protocolConverter.js:400:42)
	at Array.map (<anonymous>)
	at Object.asSymbolInformations (/home/wohlig/.vscode/extensions/octref.vetur-0.22.5/node_modules/vscode-languageclient/lib/protocolConverter.js:400:23)
	at client.sendRequest.then (/home/wohlig/.vscode/extensions/octref.vetur-0.22.5/node_modules/vscode-languageclient/lib/client.js:1005:62)
[2019-10-24 15:04:00.622] [exthost] [error] [octref.vetur] provider FAILED
[2019-10-24 15:04:00.622] [exthost] [error] Error: name must not be falsy
	at Function.validate (/usr/share/code/resources/app/out/vs/workbench/services/extensions/node/extensionHostProcess.js:354:528)
	at new y (/usr/share/code/resources/app/out/vs/workbench/services/extensions/node/extensionHostProcess.js:354:477)
	at new y (/usr/share/code/resources/app/out/vs/workbench/services/extensions/node/extensionHostProcess.js:343:392)
	at asSymbolInformation (/home/wohlig/.vscode/extensions/octref.vetur-0.22.5/node_modules/vscode-languageclient/lib/protocolConverter.js:411:22)
	at values.map.information (/home/wohlig/.vscode/extensions/octref.vetur-0.22.5/node_modules/vscode-languageclient/lib/protocolConverter.js:400:42)
	at Array.map (<anonymous>)
	at Object.asSymbolInformations (/home/wohlig/.vscode/extensions/octref.vetur-0.22.5/node_modules/vscode-languageclient/lib/protocolConverter.js:400:23)
	at client.sendRequest.then (/home/wohlig/.vscode/extensions/octref.vetur-0.22.5/node_modules/vscode-languageclient/lib/client.js:1005:62)
[2019-10-24 18:23:46.324] [exthost] [error] [octref.vetur] provider FAILED
[2019-10-24 18:23:46.325] [exthost] [error] Error: name must not be falsy
	at Function.validate (/usr/share/code/resources/app/out/vs/workbench/services/extensions/node/extensionHostProcess.js:354:528)
	at new y (/usr/share/code/resources/app/out/vs/workbench/services/extensions/node/extensionHostProcess.js:354:477)
	at new y (/usr/share/code/resources/app/out/vs/workbench/services/extensions/node/extensionHostProcess.js:343:392)
	at asSymbolInformation (/home/wohlig/.vscode/extensions/octref.vetur-0.22.5/node_modules/vscode-languageclient/lib/protocolConverter.js:411:22)
	at values.map.information (/home/wohlig/.vscode/extensions/octref.vetur-0.22.5/node_modules/vscode-languageclient/lib/protocolConverter.js:400:42)
	at Array.map (<anonymous>)
	at Object.asSymbolInformations (/home/wohlig/.vscode/extensions/octref.vetur-0.22.5/node_modules/vscode-languageclient/lib/protocolConverter.js:400:23)
	at client.sendRequest.then (/home/wohlig/.vscode/extensions/octref.vetur-0.22.5/node_modules/vscode-languageclient/lib/client.js:1005:62)
[2019-10-24 18:23:49.454] [exthost] [error] [octref.vetur] provider FAILED
[2019-10-24 18:23:49.454] [exthost] [error] Error: name must not be falsy
	at Function.validate (/usr/share/code/resources/app/out/vs/workbench/services/extensions/node/extensionHostProcess.js:354:528)
	at new y (/usr/share/code/resources/app/out/vs/workbench/services/extensions/node/extensionHostProcess.js:354:477)
	at new y (/usr/share/code/resources/app/out/vs/workbench/services/extensions/node/extensionHostProcess.js:343:392)
	at asSymbolInformation (/home/wohlig/.vscode/extensions/octref.vetur-0.22.5/node_modules/vscode-languageclient/lib/protocolConverter.js:411:22)
	at values.map.information (/home/wohlig/.vscode/extensions/octref.vetur-0.22.5/node_modules/vscode-languageclient/lib/protocolConverter.js:400:42)
	at Array.map (<anonymous>)
	at Object.asSymbolInformations (/home/wohlig/.vscode/extensions/octref.vetur-0.22.5/node_modules/vscode-languageclient/lib/protocolConverter.js:400:23)
	at client.sendRequest.then (/home/wohlig/.vscode/extensions/octref.vetur-0.22.5/node_modules/vscode-languageclient/lib/client.js:1005:62)
