[2019-11-02 09:52:34.560] [exthost] [info] extension host started
[2019-11-02 09:52:34.586] [exthost] [info] ExtensionService#_doActivateExtension octref.vetur {"startup":false,"extensionId":{"value":"octref.vetur","_lower":"octref.vetur"},"activationEvent":"onLanguage:vue"}
[2019-11-02 09:52:34.586] [exthost] [info] ExtensionService#loadCommonJSModule file:///home/wohlig/.vscode/extensions/octref.vetur-0.22.6/dist/client/vueMain
[2019-11-02 09:52:34.615] [exthost] [info] ExtensionService#_doActivateExtension vscode.debug-auto-launch {"startup":true,"extensionId":{"value":"vscode.debug-auto-launch","_lower":"vscode.debug-auto-launch"},"activationEvent":"*"}
[2019-11-02 09:52:34.615] [exthost] [info] ExtensionService#loadCommonJSModule file:///usr/share/code/resources/app/extensions/debug-auto-launch/dist/extension
[2019-11-02 09:52:34.618] [exthost] [info] ExtensionService#_doActivateExtension vscode.emmet {"startup":true,"extensionId":{"value":"vscode.emmet","_lower":"vscode.emmet"},"activationEvent":"*"}
[2019-11-02 09:52:34.618] [exthost] [info] ExtensionService#loadCommonJSModule file:///usr/share/code/resources/app/extensions/emmet/dist/extension
[2019-11-02 09:52:34.639] [exthost] [info] ExtensionService#_doActivateExtension vscode.git {"startup":true,"extensionId":{"value":"GitHub.vscode-pull-request-github","_lower":"github.vscode-pull-request-github"},"activationEvent":"*"}
[2019-11-02 09:52:34.639] [exthost] [info] ExtensionService#loadCommonJSModule file:///usr/share/code/resources/app/extensions/git/dist/main
[2019-11-02 09:52:34.681] [exthost] [info] ExtensionService#_doActivateExtension vscode.merge-conflict {"startup":true,"extensionId":{"value":"vscode.merge-conflict","_lower":"vscode.merge-conflict"},"activationEvent":"*"}
[2019-11-02 09:52:34.681] [exthost] [info] ExtensionService#loadCommonJSModule file:///usr/share/code/resources/app/extensions/merge-conflict/dist/extension
[2019-11-02 09:52:34.684] [exthost] [info] ExtensionService#_doActivateExtension bierner.color-info {"startup":true,"extensionId":{"value":"bierner.color-info","_lower":"bierner.color-info"},"activationEvent":"*"}
[2019-11-02 09:52:34.684] [exthost] [info] ExtensionService#loadCommonJSModule file:///home/wohlig/.vscode/extensions/bierner.color-info-0.5.1/out/src/extension
[2019-11-02 09:52:34.702] [exthost] [info] ExtensionService#_doActivateExtension dbaeumer.vscode-eslint {"startup":true,"extensionId":{"value":"dbaeumer.vscode-eslint","_lower":"dbaeumer.vscode-eslint"},"activationEvent":"*"}
[2019-11-02 09:52:34.702] [exthost] [info] ExtensionService#loadCommonJSModule file:///home/wohlig/.vscode/extensions/dbaeumer.vscode-eslint-1.9.1/client/out/extension
[2019-11-02 09:52:34.715] [exthost] [info] ExtensionService#_doActivateExtension esbenp.prettier-vscode {"startup":true,"extensionId":{"value":"esbenp.prettier-vscode","_lower":"esbenp.prettier-vscode"},"activationEvent":"*"}
[2019-11-02 09:52:34.715] [exthost] [info] ExtensionService#loadCommonJSModule file:///home/wohlig/.vscode/extensions/esbenp.prettier-vscode-2.3.0/out/extension
[2019-11-02 09:52:34.816] [exthost] [info] ExtensionService#_doActivateExtension HookyQR.beautify {"startup":true,"extensionId":{"value":"HookyQR.beautify","_lower":"hookyqr.beautify"},"activationEvent":"*"}
[2019-11-02 09:52:34.816] [exthost] [info] ExtensionService#loadCommonJSModule file:///home/wohlig/.vscode/extensions/hookyqr.beautify-1.5.0/extension
[2019-11-02 09:52:34.838] [exthost] [info] ExtensionService#_doActivateExtension KnisterPeter.vscode-github {"startup":true,"extensionId":{"value":"KnisterPeter.vscode-github","_lower":"knisterpeter.vscode-github"},"activationEvent":"*"}
[2019-11-02 09:52:34.838] [exthost] [info] ExtensionService#loadCommonJSModule file:///home/wohlig/.vscode/extensions/knisterpeter.vscode-github-0.30.3/out/src/main
[2019-11-02 09:52:34.936] [exthost] [info] ExtensionService#_doActivateExtension streetsidesoftware.code-spell-checker {"startup":true,"extensionId":{"value":"streetsidesoftware.code-spell-checker","_lower":"streetsidesoftware.code-spell-checker"},"activationEvent":"*"}
[2019-11-02 09:52:34.936] [exthost] [info] ExtensionService#loadCommonJSModule file:///home/wohlig/.vscode/extensions/streetsidesoftware.code-spell-checker-1.7.18/dist/extension
[2019-11-02 09:52:34.967] [exthost] [info] ExtensionService#_doActivateExtension vscode.npm {"startup":true,"extensionId":{"value":"vscode.npm","_lower":"vscode.npm"},"activationEvent":"workspaceContains:package.json"}
[2019-11-02 09:52:34.968] [exthost] [info] ExtensionService#loadCommonJSModule file:///usr/share/code/resources/app/extensions/npm/dist/main
[2019-11-02 09:52:35.068] [exthost] [info] ExtensionService#_doActivateExtension GitHub.vscode-pull-request-github {"startup":true,"extensionId":{"value":"GitHub.vscode-pull-request-github","_lower":"github.vscode-pull-request-github"},"activationEvent":"*"}
[2019-11-02 09:52:35.068] [exthost] [info] ExtensionService#loadCommonJSModule file:///home/wohlig/.vscode/extensions/github.vscode-pull-request-github-0.12.0/media/extension
[2019-11-02 09:52:35.238] [exthost] [info] eager extensions activated
[2019-11-02 09:52:56.652] [exthost] [info] ExtensionService#_doActivateExtension vscode.configuration-editing {"startup":false,"extensionId":{"value":"vscode.configuration-editing","_lower":"vscode.configuration-editing"},"activationEvent":"onLanguage:json"}
[2019-11-02 09:52:56.652] [exthost] [info] ExtensionService#loadCommonJSModule file:///usr/share/code/resources/app/extensions/configuration-editing/dist/extension
[2019-11-02 09:52:56.687] [exthost] [info] ExtensionService#_doActivateExtension vscode.extension-editing {"startup":false,"extensionId":{"value":"vscode.extension-editing","_lower":"vscode.extension-editing"},"activationEvent":"onLanguage:json"}
[2019-11-02 09:52:56.687] [exthost] [info] ExtensionService#loadCommonJSModule file:///usr/share/code/resources/app/extensions/extension-editing/dist/extension
[2019-11-02 09:52:56.701] [exthost] [info] ExtensionService#_doActivateExtension vscode.json-language-features {"startup":false,"extensionId":{"value":"vscode.json-language-features","_lower":"vscode.json-language-features"},"activationEvent":"onLanguage:json"}
[2019-11-02 09:52:56.701] [exthost] [info] ExtensionService#loadCommonJSModule file:///usr/share/code/resources/app/extensions/json-language-features/client/dist/jsonMain
[2019-11-02 09:52:56.999] [exthost] [info] ExtensionService#_doActivateExtension vscode.typescript-language-features {"startup":false,"extensionId":{"value":"vscode.typescript-language-features","_lower":"vscode.typescript-language-features"},"activationEvent":"onLanguage:jsonc"}
[2019-11-02 09:52:56.999] [exthost] [info] ExtensionService#loadCommonJSModule file:///usr/share/code/resources/app/extensions/typescript-language-features/dist/extension
[2019-11-02 09:53:08.120] [exthost] [info] ExtensionService#_doActivateExtension christian-kohler.npm-intellisense {"startup":false,"extensionId":{"value":"christian-kohler.npm-intellisense","_lower":"christian-kohler.npm-intellisense"},"activationEvent":"onLanguage:javascript"}
[2019-11-02 09:53:08.120] [exthost] [info] ExtensionService#loadCommonJSModule file:///home/wohlig/.vscode/extensions/christian-kohler.npm-intellisense-1.3.0/out/src/extension
[2019-11-02 09:53:08.136] [exthost] [info] ExtensionService#_doActivateExtension VisualStudioExptTeam.vscodeintellicode {"startup":false,"extensionId":{"value":"VisualStudioExptTeam.vscodeintellicode","_lower":"visualstudioexptteam.vscodeintellicode"},"activationEvent":"onLanguage:javascript"}
[2019-11-02 09:53:08.136] [exthost] [info] ExtensionService#loadCommonJSModule file:///home/wohlig/.vscode/extensions/visualstudioexptteam.vscodeintellicode-1.2.0/dist/intellicode
