[2019-10-24 10:30:28.060] [renderer1] [error] An unknown error occurred. Please consult the log for more details.
[2019-10-24 14:54:12.215] [renderer1] [error] name must not be falsy: Error: name must not be falsy
	at Function.validate (/usr/share/code/resources/app/out/vs/workbench/services/extensions/node/extensionHostProcess.js:354:528)
	at new y (/usr/share/code/resources/app/out/vs/workbench/services/extensions/node/extensionHostProcess.js:354:477)
	at new y (/usr/share/code/resources/app/out/vs/workbench/services/extensions/node/extensionHostProcess.js:343:392)
	at asSymbolInformation (/home/wohlig/.vscode/extensions/octref.vetur-0.22.5/node_modules/vscode-languageclient/lib/protocolConverter.js:411:22)
	at values.map.information (/home/wohlig/.vscode/extensions/octref.vetur-0.22.5/node_modules/vscode-languageclient/lib/protocolConverter.js:400:42)
	at Array.map (<anonymous>)
	at Object.asSymbolInformations (/home/wohlig/.vscode/extensions/octref.vetur-0.22.5/node_modules/vscode-languageclient/lib/protocolConverter.js:400:23)
	at client.sendRequest.then (/home/wohlig/.vscode/extensions/octref.vetur-0.22.5/node_modules/vscode-languageclient/lib/client.js:1005:62)
[2019-10-24 14:54:18.863] [renderer1] [error] name must not be falsy: Error: name must not be falsy
	at Function.validate (/usr/share/code/resources/app/out/vs/workbench/services/extensions/node/extensionHostProcess.js:354:528)
	at new y (/usr/share/code/resources/app/out/vs/workbench/services/extensions/node/extensionHostProcess.js:354:477)
	at new y (/usr/share/code/resources/app/out/vs/workbench/services/extensions/node/extensionHostProcess.js:343:392)
	at asSymbolInformation (/home/wohlig/.vscode/extensions/octref.vetur-0.22.5/node_modules/vscode-languageclient/lib/protocolConverter.js:411:22)
	at values.map.information (/home/wohlig/.vscode/extensions/octref.vetur-0.22.5/node_modules/vscode-languageclient/lib/protocolConverter.js:400:42)
	at Array.map (<anonymous>)
	at Object.asSymbolInformations (/home/wohlig/.vscode/extensions/octref.vetur-0.22.5/node_modules/vscode-languageclient/lib/protocolConverter.js:400:23)
	at client.sendRequest.then (/home/wohlig/.vscode/extensions/octref.vetur-0.22.5/node_modules/vscode-languageclient/lib/client.js:1005:62)
[2019-10-24 14:54:46.694] [renderer1] [error] name must not be falsy: Error: name must not be falsy
	at Function.validate (/usr/share/code/resources/app/out/vs/workbench/services/extensions/node/extensionHostProcess.js:354:528)
	at new y (/usr/share/code/resources/app/out/vs/workbench/services/extensions/node/extensionHostProcess.js:354:477)
	at new y (/usr/share/code/resources/app/out/vs/workbench/services/extensions/node/extensionHostProcess.js:343:392)
	at asSymbolInformation (/home/wohlig/.vscode/extensions/octref.vetur-0.22.5/node_modules/vscode-languageclient/lib/protocolConverter.js:411:22)
	at values.map.information (/home/wohlig/.vscode/extensions/octref.vetur-0.22.5/node_modules/vscode-languageclient/lib/protocolConverter.js:400:42)
	at Array.map (<anonymous>)
	at Object.asSymbolInformations (/home/wohlig/.vscode/extensions/octref.vetur-0.22.5/node_modules/vscode-languageclient/lib/protocolConverter.js:400:23)
	at client.sendRequest.then (/home/wohlig/.vscode/extensions/octref.vetur-0.22.5/node_modules/vscode-languageclient/lib/client.js:1005:62)
[2019-10-24 14:54:49.899] [renderer1] [error] name must not be falsy: Error: name must not be falsy
	at Function.validate (/usr/share/code/resources/app/out/vs/workbench/services/extensions/node/extensionHostProcess.js:354:528)
	at new y (/usr/share/code/resources/app/out/vs/workbench/services/extensions/node/extensionHostProcess.js:354:477)
	at new y (/usr/share/code/resources/app/out/vs/workbench/services/extensions/node/extensionHostProcess.js:343:392)
	at asSymbolInformation (/home/wohlig/.vscode/extensions/octref.vetur-0.22.5/node_modules/vscode-languageclient/lib/protocolConverter.js:411:22)
	at values.map.information (/home/wohlig/.vscode/extensions/octref.vetur-0.22.5/node_modules/vscode-languageclient/lib/protocolConverter.js:400:42)
	at Array.map (<anonymous>)
	at Object.asSymbolInformations (/home/wohlig/.vscode/extensions/octref.vetur-0.22.5/node_modules/vscode-languageclient/lib/protocolConverter.js:400:23)
	at client.sendRequest.then (/home/wohlig/.vscode/extensions/octref.vetur-0.22.5/node_modules/vscode-languageclient/lib/client.js:1005:62)
[2019-10-24 14:54:51.945] [renderer1] [error] name must not be falsy: Error: name must not be falsy
	at Function.validate (/usr/share/code/resources/app/out/vs/workbench/services/extensions/node/extensionHostProcess.js:354:528)
	at new y (/usr/share/code/resources/app/out/vs/workbench/services/extensions/node/extensionHostProcess.js:354:477)
	at new y (/usr/share/code/resources/app/out/vs/workbench/services/extensions/node/extensionHostProcess.js:343:392)
	at asSymbolInformation (/home/wohlig/.vscode/extensions/octref.vetur-0.22.5/node_modules/vscode-languageclient/lib/protocolConverter.js:411:22)
	at values.map.information (/home/wohlig/.vscode/extensions/octref.vetur-0.22.5/node_modules/vscode-languageclient/lib/protocolConverter.js:400:42)
	at Array.map (<anonymous>)
	at Object.asSymbolInformations (/home/wohlig/.vscode/extensions/octref.vetur-0.22.5/node_modules/vscode-languageclient/lib/protocolConverter.js:400:23)
	at client.sendRequest.then (/home/wohlig/.vscode/extensions/octref.vetur-0.22.5/node_modules/vscode-languageclient/lib/client.js:1005:62)
[2019-10-24 15:03:46.580] [renderer1] [error] name must not be falsy: Error: name must not be falsy
	at Function.validate (/usr/share/code/resources/app/out/vs/workbench/services/extensions/node/extensionHostProcess.js:354:528)
	at new y (/usr/share/code/resources/app/out/vs/workbench/services/extensions/node/extensionHostProcess.js:354:477)
	at new y (/usr/share/code/resources/app/out/vs/workbench/services/extensions/node/extensionHostProcess.js:343:392)
	at asSymbolInformation (/home/wohlig/.vscode/extensions/octref.vetur-0.22.5/node_modules/vscode-languageclient/lib/protocolConverter.js:411:22)
	at values.map.information (/home/wohlig/.vscode/extensions/octref.vetur-0.22.5/node_modules/vscode-languageclient/lib/protocolConverter.js:400:42)
	at Array.map (<anonymous>)
	at Object.asSymbolInformations (/home/wohlig/.vscode/extensions/octref.vetur-0.22.5/node_modules/vscode-languageclient/lib/protocolConverter.js:400:23)
	at client.sendRequest.then (/home/wohlig/.vscode/extensions/octref.vetur-0.22.5/node_modules/vscode-languageclient/lib/client.js:1005:62)
[2019-10-24 15:04:00.623] [renderer1] [error] name must not be falsy: Error: name must not be falsy
	at Function.validate (/usr/share/code/resources/app/out/vs/workbench/services/extensions/node/extensionHostProcess.js:354:528)
	at new y (/usr/share/code/resources/app/out/vs/workbench/services/extensions/node/extensionHostProcess.js:354:477)
	at new y (/usr/share/code/resources/app/out/vs/workbench/services/extensions/node/extensionHostProcess.js:343:392)
	at asSymbolInformation (/home/wohlig/.vscode/extensions/octref.vetur-0.22.5/node_modules/vscode-languageclient/lib/protocolConverter.js:411:22)
	at values.map.information (/home/wohlig/.vscode/extensions/octref.vetur-0.22.5/node_modules/vscode-languageclient/lib/protocolConverter.js:400:42)
	at Array.map (<anonymous>)
	at Object.asSymbolInformations (/home/wohlig/.vscode/extensions/octref.vetur-0.22.5/node_modules/vscode-languageclient/lib/protocolConverter.js:400:23)
	at client.sendRequest.then (/home/wohlig/.vscode/extensions/octref.vetur-0.22.5/node_modules/vscode-languageclient/lib/client.js:1005:62)
[2019-10-24 18:23:46.325] [renderer1] [error] name must not be falsy: Error: name must not be falsy
	at Function.validate (/usr/share/code/resources/app/out/vs/workbench/services/extensions/node/extensionHostProcess.js:354:528)
	at new y (/usr/share/code/resources/app/out/vs/workbench/services/extensions/node/extensionHostProcess.js:354:477)
	at new y (/usr/share/code/resources/app/out/vs/workbench/services/extensions/node/extensionHostProcess.js:343:392)
	at asSymbolInformation (/home/wohlig/.vscode/extensions/octref.vetur-0.22.5/node_modules/vscode-languageclient/lib/protocolConverter.js:411:22)
	at values.map.information (/home/wohlig/.vscode/extensions/octref.vetur-0.22.5/node_modules/vscode-languageclient/lib/protocolConverter.js:400:42)
	at Array.map (<anonymous>)
	at Object.asSymbolInformations (/home/wohlig/.vscode/extensions/octref.vetur-0.22.5/node_modules/vscode-languageclient/lib/protocolConverter.js:400:23)
	at client.sendRequest.then (/home/wohlig/.vscode/extensions/octref.vetur-0.22.5/node_modules/vscode-languageclient/lib/client.js:1005:62)
[2019-10-24 18:23:49.454] [renderer1] [error] name must not be falsy: Error: name must not be falsy
	at Function.validate (/usr/share/code/resources/app/out/vs/workbench/services/extensions/node/extensionHostProcess.js:354:528)
	at new y (/usr/share/code/resources/app/out/vs/workbench/services/extensions/node/extensionHostProcess.js:354:477)
	at new y (/usr/share/code/resources/app/out/vs/workbench/services/extensions/node/extensionHostProcess.js:343:392)
	at asSymbolInformation (/home/wohlig/.vscode/extensions/octref.vetur-0.22.5/node_modules/vscode-languageclient/lib/protocolConverter.js:411:22)
	at values.map.information (/home/wohlig/.vscode/extensions/octref.vetur-0.22.5/node_modules/vscode-languageclient/lib/protocolConverter.js:400:42)
	at Array.map (<anonymous>)
	at Object.asSymbolInformations (/home/wohlig/.vscode/extensions/octref.vetur-0.22.5/node_modules/vscode-languageclient/lib/protocolConverter.js:400:23)
	at client.sendRequest.then (/home/wohlig/.vscode/extensions/octref.vetur-0.22.5/node_modules/vscode-languageclient/lib/client.js:1005:62)
